Determining if the pthread_create exist failed with the following output:
Change Dir: /home/eaibot/nju_ws/build/CMakeFiles/CMakeTmp

Run Build Command:"/usr/bin/make" "cmTC_730fc/fast"
/usr/bin/make -f CMakeFiles/cmTC_730fc.dir/build.make CMakeFiles/cmTC_730fc.dir/build
make[1]: Entering directory '/home/eaibot/nju_ws/build/CMakeFiles/CMakeTmp'
Building C object CMakeFiles/cmTC_730fc.dir/CheckSymbolExists.c.o
/usr/bin/cc     -o CMakeFiles/cmTC_730fc.dir/CheckSymbolExists.c.o   -c /home/eaibot/nju_ws/build/CMakeFiles/CMakeTmp/CheckSymbolExists.c
Linking C executable cmTC_730fc
/usr/bin/cmake -E cmake_link_script CMakeFiles/cmTC_730fc.dir/link.txt --verbose=1
/usr/bin/cc       CMakeFiles/cmTC_730fc.dir/CheckSymbolExists.c.o  -o cmTC_730fc -rdynamic 
CMakeFiles/cmTC_730fc.dir/CheckSymbolExists.c.o：在函数‘main’中：
CheckSymbolExists.c:(.text+0x16)：对‘pthread_create’未定义的引用
collect2: error: ld returned 1 exit status
CMakeFiles/cmTC_730fc.dir/build.make:97: recipe for target 'cmTC_730fc' failed
make[1]: *** [cmTC_730fc] Error 1
make[1]: Leaving directory '/home/eaibot/nju_ws/build/CMakeFiles/CMakeTmp'
Makefile:126: recipe for target 'cmTC_730fc/fast' failed
make: *** [cmTC_730fc/fast] Error 2

File /home/eaibot/nju_ws/build/CMakeFiles/CMakeTmp/CheckSymbolExists.c:
/* */
#include <pthread.h>

int main(int argc, char** argv)
{
  (void)argv;
#ifndef pthread_create
  return ((int*)(&pthread_create))[argc];
#else
  (void)argc;
  return 0;
#endif
}

Determining if the function pthread_create exists in the pthreads failed with the following output:
Change Dir: /home/eaibot/nju_ws/build/CMakeFiles/CMakeTmp

Run Build Command:"/usr/bin/make" "cmTC_8fe8f/fast"
/usr/bin/make -f CMakeFiles/cmTC_8fe8f.dir/build.make CMakeFiles/cmTC_8fe8f.dir/build
make[1]: Entering directory '/home/eaibot/nju_ws/build/CMakeFiles/CMakeTmp'
Building C object CMakeFiles/cmTC_8fe8f.dir/CheckFunctionExists.c.o
/usr/bin/cc    -DCHECK_FUNCTION_EXISTS=pthread_create   -o CMakeFiles/cmTC_8fe8f.dir/CheckFunctionExists.c.o   -c /usr/share/cmake-3.5/Modules/CheckFunctionExists.c
Linking C executable cmTC_8fe8f
/usr/bin/cmake -E cmake_link_script CMakeFiles/cmTC_8fe8f.dir/link.txt --verbose=1
/usr/bin/cc   -DCHECK_FUNCTION_EXISTS=pthread_create    CMakeFiles/cmTC_8fe8f.dir/CheckFunctionExists.c.o  -o cmTC_8fe8f -rdynamic -lpthreads 
/usr/bin/ld: 找不到 -lpthreads
collect2: error: ld returned 1 exit status
CMakeFiles/cmTC_8fe8f.dir/build.make:97: recipe for target 'cmTC_8fe8f' failed
make[1]: *** [cmTC_8fe8f] Error 1
make[1]: Leaving directory '/home/eaibot/nju_ws/build/CMakeFiles/CMakeTmp'
Makefile:126: recipe for target 'cmTC_8fe8f/fast' failed
make: *** [cmTC_8fe8f/fast] Error 2


